<?xml version="1.0" encoding="UTF-8"?>
<testng-results ignored="0" total="1" passed="1" failed="0" skipped="0">
  <reporter-output>
  </reporter-output>
  <suite started-at="2023-01-29T08:35:17 IST" name="Suite" finished-at="2023-01-29T08:35:30 IST" duration-ms="13468">
    <groups>
    </groups>
    <test started-at="2023-01-29T08:35:17 IST" name="Test" finished-at="2023-01-29T08:35:30 IST" duration-ms="13468">
      <class name="org.testcases.Web_Automation">
        <test-method signature="Web_Automation_Test()[pri:0, instance:org.testcases.Web_Automation@14ec4505]" started-at="2023-01-29T08:35:17 IST" name="Web_Automation_Test" finished-at="2023-01-29T08:35:30 IST" duration-ms="13418" status="PASS">
          <reporter-output>
          </reporter-output>
        </test-method> <!-- Web_Automation_Test -->
      </class> <!-- org.testcases.Web_Automation -->
    </test> <!-- Test -->
  </suite> <!-- Suite -->
</testng-results>
