<?xml version="1.0" encoding="UTF-8"?>
<testng-results ignored="0" total="1" passed="1" failed="0" skipped="0">
  <reporter-output>
  </reporter-output>
  <suite started-at="2023-01-30T14:52:16 IST" name="Default suite" finished-at="2023-01-30T14:52:30 IST" duration-ms="14208">
    <groups>
    </groups>
    <test started-at="2023-01-30T14:52:16 IST" name="Default test" finished-at="2023-01-30T14:52:30 IST" duration-ms="14208">
      <class name="org.testcases.Web_Automation">
        <test-method signature="Web_Automation_Test()[pri:0, instance:org.testcases.Web_Automation@7ea9e1e2]" started-at="2023-01-30T14:52:16 IST" name="Web_Automation_Test" finished-at="2023-01-30T14:52:30 IST" duration-ms="14166" status="PASS">
          <reporter-output>
          </reporter-output>
        </test-method> <!-- Web_Automation_Test -->
      </class> <!-- org.testcases.Web_Automation -->
    </test> <!-- Default test -->
  </suite> <!-- Default suite -->
</testng-results>
